# JRE version: Java(TM) SE Runtime Environment (8.0-b124) (build 1.8.0-ea-b124)
# Java VM: Java HotSpot(TM) 64-Bit Server VM (25.0-b66 mixed mode linux-amd64 compressed oops)
Heap:
 PSYoungGen      total 9216K, used 6775K [0x00000000fab00000, 0x00000000fb580000, 0x0000000100000000)
  eden space 7680K, 84% used [0x00000000fab00000,0x00000000fb15deb8,0x00000000fb280000)
  from space 1536K, 16% used [0x00000000fb280000,0x00000000fb2c0000,0x00000000fb400000)
  to   space 1536K, 0% used [0x00000000fb400000,0x00000000fb400000,0x00000000fb580000)
 ParOldGen       total 92672K, used 10733K [0x00000000f0000000, 0x00000000f5a80000, 0x00000000fab00000)
  object space 92672K, 11% used [0x00000000f0000000,0x00000000f0a7b688,0x00000000f5a80000)
 Metaspace       used 17712K, capacity 17874K, committed 18048K, reserved 1064960K
  class space    used 1793K, capacity 1852K, committed 1920K, reserved 1048576K
GC Heap History (10 events):
Event: 1426,195 GC heap before
{Heap before GC invocations=29 (full 0):
 PSYoungGen      total 9728K, used 7840K [0x00000000fab00000, 0x00000000fb680000, 0x0000000100000000)
  eden space 7680K, 100% used [0x00000000fab00000,0x00000000fb280000,0x00000000fb280000)
  from space 2048K, 7% used [0x00000000fb480000,0x00000000fb4a8000,0x00000000fb680000)
  to   space 2048K, 0% used [0x00000000fb280000,0x00000000fb280000,0x00000000fb480000)
 ParOldGen       total 92672K, used 10173K [0x00000000f0000000, 0x00000000f5a80000, 0x00000000fab00000)
  object space 92672K, 10% used [0x00000000f0000000,0x00000000f09ef688,0x00000000f5a80000)
 Metaspace       used 17477K, capacity 17618K, committed 17792K, reserved 1064960K
  class space    used 1786K, capacity 1852K, committed 1920K, reserved 1048576K
Event: 1426,198 GC heap after
Heap after GC invocations=29 (full 0):
 PSYoungGen      total 9728K, used 96K [0x00000000fab00000, 0x00000000fb680000, 0x0000000100000000)
  eden space 7680K, 0% used [0x00000000fab00000,0x00000000fab00000,0x00000000fb280000)
  from space 2048K, 4% used [0x00000000fb280000,0x00000000fb298000,0x00000000fb480000)
  to   space 2048K, 0% used [0x00000000fb480000,0x00000000fb480000,0x00000000fb680000)
 ParOldGen       total 92672K, used 10253K [0x00000000f0000000, 0x00000000f5a80000, 0x00000000fab00000)
  object space 92672K, 11% used [0x00000000f0000000,0x00000000f0a03688,0x00000000f5a80000)
 Metaspace       used 17477K, capacity 17618K, committed 17792K, reserved 1064960K
  class space    used 1786K, capacity 1852K, committed 1920K, reserved 1048576K
}
Event: 1730,583 GC heap before
{Heap before GC invocations=30 (full 0):
 PSYoungGen      total 9728K, used 7776K [0x00000000fab00000, 0x00000000fb680000, 0x0000000100000000)
  eden space 7680K, 100% used [0x00000000fab00000,0x00000000fb280000,0x00000000fb280000)
  from space 2048K, 4% used [0x00000000fb280000,0x00000000fb298000,0x00000000fb480000)
  to   space 2048K, 0% used [0x00000000fb480000,0x00000000fb480000,0x00000000fb680000)
 ParOldGen       total 92672K, used 10253K [0x00000000f0000000, 0x00000000f5a80000, 0x00000000fab00000)
  object space 92672K, 11% used [0x00000000f0000000,0x00000000f0a03688,0x00000000f5a80000)
 Metaspace       used 17477K, capacity 17618K, committed 17792K, reserved 1064960K
  class space    used 1786K, capacity 1852K, committed 1920K, reserved 1048576K
Event: 1730,585 GC heap after
Heap after GC invocations=30 (full 0):
 PSYoungGen      total 9728K, used 96K [0x00000000fab00000, 0x00000000fb680000, 0x0000000100000000)
  eden space 7680K, 0% used [0x00000000fab00000,0x00000000fab00000,0x00000000fb280000)
  from space 2048K, 4% used [0x00000000fb480000,0x00000000fb498000,0x00000000fb680000)
  to   space 2048K, 0% used [0x00000000fb280000,0x00000000fb280000,0x00000000fb480000)
 ParOldGen       total 92672K, used 10277K [0x00000000f0000000, 0x00000000f5a80000, 0x00000000fab00000)
  object space 92672K, 11% used [0x00000000f0000000,0x00000000f0a09688,0x00000000f5a80000)
 Metaspace       used 17477K, capacity 17618K, committed 17792K, reserved 1064960K
  class space    used 1786K, capacity 1852K, committed 1920K, reserved 1048576K
}
Event: 2047,535 GC heap before
{Heap before GC invocations=31 (full 0):
 PSYoungGen      total 9728K, used 7776K [0x00000000fab00000, 0x00000000fb680000, 0x0000000100000000)
  eden space 7680K, 100% used [0x00000000fab00000,0x00000000fb280000,0x00000000fb280000)
  from space 2048K, 4% used [0x00000000fb480000,0x00000000fb498000,0x00000000fb680000)
  to   space 2048K, 0% used [0x00000000fb280000,0x00000000fb280000,0x00000000fb480000)
 ParOldGen       total 92672K, used 10277K [0x00000000f0000000, 0x00000000f5a80000, 0x00000000fab00000)
  object space 92672K, 11% used [0x00000000f0000000,0x00000000f0a09688,0x00000000f5a80000)
 Metaspace       used 17526K, capacity 17682K, committed 18048K, reserved 1064960K
  class space    used 1786K, capacity 1852K, committed 1920K, reserved 1048576K
Event: 2047,558 GC heap after
Heap after GC invocations=31 (full 0):
 PSYoungGen      total 9728K, used 288K [0x00000000fab00000, 0x00000000fb680000, 0x0000000100000000)
  eden space 7680K, 0% used [0x00000000fab00000,0x00000000fab00000,0x00000000fb280000)
  from space 2048K, 14% used [0x00000000fb280000,0x00000000fb2c8000,0x00000000fb480000)
  to   space 2048K, 0% used [0x00000000fb480000,0x00000000fb480000,0x00000000fb680000)
 ParOldGen       total 92672K, used 10357K [0x00000000f0000000, 0x00000000f5a80000, 0x00000000fab00000)
  object space 92672K, 11% used [0x00000000f0000000,0x00000000f0a1d688,0x00000000f5a80000)
 Metaspace       used 17526K, capacity 17682K, committed 18048K, reserved 1064960K
  class space    used 1786K, capacity 1852K, committed 1920K, reserved 1048576K
}
Event: 2159,959 GC heap before
{Heap before GC invocations=32 (full 0):
 PSYoungGen      total 9728K, used 7968K [0x00000000fab00000, 0x00000000fb680000, 0x0000000100000000)
  eden space 7680K, 100% used [0x00000000fab00000,0x00000000fb280000,0x00000000fb280000)
  from space 2048K, 14% used [0x00000000fb280000,0x00000000fb2c8000,0x00000000fb480000)
  to   space 2048K, 0% used [0x00000000fb480000,0x00000000fb480000,0x00000000fb680000)
 ParOldGen       total 92672K, used 10357K [0x00000000f0000000, 0x00000000f5a80000, 0x00000000fab00000)
  object space 92672K, 11% used [0x00000000f0000000,0x00000000f0a1d688,0x00000000f5a80000)
 Metaspace       used 17623K, capacity 17810K, committed 18048K, reserved 1064960K
  class space    used 1788K, capacity 1852K, committed 1920K, reserved 1048576K
Event: 2159,963 GC heap after
Heap after GC invocations=32 (full 0):
 PSYoungGen      total 8704K, used 256K [0x00000000fab00000, 0x00000000fb580000, 0x0000000100000000)
  eden space 7680K, 0% used [0x00000000fab00000,0x00000000fab00000,0x00000000fb280000)
  from space 1024K, 25% used [0x00000000fb480000,0x00000000fb4c0000,0x00000000fb580000)
  to   space 1536K, 0% used [0x00000000fb280000,0x00000000fb280000,0x00000000fb400000)
 ParOldGen       total 92672K, used 10581K [0x00000000f0000000, 0x00000000f5a80000, 0x00000000fab00000)
  object space 92672K, 11% used [0x00000000f0000000,0x00000000f0a55688,0x00000000f5a80000)
 Metaspace       used 17623K, capacity 17810K, committed 18048K, reserved 1064960K
  class space    used 1788K, capacity 1852K, committed 1920K, reserved 1048576K
}
Event: 2219,109 GC heap before
{Heap before GC invocations=33 (full 0):
 PSYoungGen      total 8704K, used 7936K [0x00000000fab00000, 0x00000000fb580000, 0x0000000100000000)
  eden space 7680K, 100% used [0x00000000fab00000,0x00000000fb280000,0x00000000fb280000)
  from space 1024K, 25% used [0x00000000fb480000,0x00000000fb4c0000,0x00000000fb580000)
  to   space 1536K, 0% used [0x00000000fb280000,0x00000000fb280000,0x00000000fb400000)
 ParOldGen       total 92672K, used 10581K [0x00000000f0000000, 0x00000000f5a80000, 0x00000000fab00000)
  object space 92672K, 11% used [0x00000000f0000000,0x00000000f0a55688,0x00000000f5a80000)
 Metaspace       used 17658K, capacity 17810K, committed 18048K, reserved 1064960K
  class space    used 1788K, capacity 1852K, committed 1920K, reserved 1048576K
Event: 2219,112 GC heap after
Heap after GC invocations=33 (full 0):
 PSYoungGen      total 9216K, used 256K [0x00000000fab00000, 0x00000000fb580000, 0x0000000100000000)
  eden space 7680K, 0% used [0x00000000fab00000,0x00000000fab00000,0x00000000fb280000)
  from space 1536K, 16% used [0x00000000fb280000,0x00000000fb2c0000,0x00000000fb400000)
  to   space 1536K, 0% used [0x00000000fb400000,0x00000000fb400000,0x00000000fb580000)
 ParOldGen       total 92672K, used 10733K [0x00000000f0000000, 0x00000000f5a80000, 0x00000000fab00000)
  object space 92672K, 11% used [0x00000000f0000000,0x00000000f0a7b688,0x00000000f5a80000)
 Metaspace       used 17658K, capacity 17810K, committed 18048K, reserved 1064960K
  class space    used 1788K, capacity 1852K, committed 1920K, reserved 1048576K
}

